<?xml version="1.0" encoding="utf-8"?><testsuites name="pytest tests"><testsuite name="pytest" errors="0" failures="0" skipped="0" tests="57" time="4.376" timestamp="2026-08-31T00:43:03.363405-03:00" hostname="Mac-mini-de-Hugo.local"><testcase classname="tests.test_api" name="test_session_api_requires_capability_token" time="0.178" /><testcase classname="tests.test_api" name="test_session_id_cannot_authorize_another_session" time="0.028" /><testcase classname="tests.test_api" name="test_session_token_is_returned_once_and_only_hash_is_stored" time="0.024" /><testcase classname="tests.test_api" name="test_missing_session_returns_safe_404" time="0.014" /><testcase classname="tests.test_api" name="test_validation_errors_do_not_echo_sensitive_input" time="0.023" /><testcase classname="tests.test_api" name="test_rate_limit_has_retry_after_and_safe_headers" time="0.028" /><testcase classname="tests.test_api" name="test_cors_uses_explicit_allowlist" time="0.013" /><testcase classname="tests.test_api" name="test_database_errors_do_not_leak_details" time="0.022" /><testcase classname="tests.test_api" name="test_unexpected_errors_use_generic_envelope" time="0.021" /><testcase classname="tests.test_artifact_privacy" name="test_generated_artifacts_contain_no_known_raw_pii_or_local_home_path" time="0.102" /><testcase classname="tests.test_coordination" name="test_repeated_concurrent_message_returns_one_quote_and_same_response" time="0.204" /><testcase classname="tests.test_coordination" name="test_idempotency_key_reuse_with_different_payload_is_rejected" time="0.036" /><testcase classname="tests.test_coordination" name="test_redis_unavailable_degrades_rate_limit_but_blocks_message" time="0.025" /><testcase classname="tests.test_coordination" name="test_idempotency_storage_contains_no_raw_pii_or_capability_token" time="0.032" /><testcase classname="tests.test_coordination" name="test_shared_circuit_breaker_opens_after_deterministic_failures" time="0.001" /><testcase classname="tests.test_coordination" name="test_real_redis_coordination_and_opaque_storage" time="0.124" /><testcase classname="tests.test_eval_fleet" name="test_eval_fleet_matches_all_labeled_cases" time="0.003" /><testcase classname="tests.test_eval_fleet" name="test_eval_fleet_aggregation_is_deterministic" time="0.001" /><testcase classname="tests.test_extraction" name="test_extracts_quote_fields" time="0.000" /><testcase classname="tests.test_extraction" name="test_classifies_human_and_negotiation" time="0.000" /><testcase classname="tests.test_pii" name="test_redacts_supported_pii" time="0.000" /><testcase classname="tests.test_pii" name="test_extracts_only_cep_prefix" time="0.000" /><testcase classname="tests.test_pii" name="test_generated_identifiers_are_not_misclassified_as_phone_or_cep" time="0.000" /><testcase classname="tests.test_policy" name="test_real_cedar_engine_allows_expected_actions[CallLLM-context0]" time="0.002" /><testcase classname="tests.test_policy" name="test_real_cedar_engine_allows_expected_actions[CallQuote-context1]" time="0.002" /><testcase classname="tests.test_policy" name="test_real_cedar_engine_allows_expected_actions[PersistAudit-context2]" time="0.002" /><testcase classname="tests.test_policy" name="test_real_cedar_engine_allows_expected_actions[CompleteSession-context3]" time="0.002" /><testcase classname="tests.test_policy" name="test_real_cedar_engine_allows_expected_actions[HandoffSession-context4]" time="0.003" /><testcase classname="tests.test_policy" name="test_call_quote_is_default_deny_for_unsafe_context[context0]" time="0.002" /><testcase classname="tests.test_policy" name="test_call_quote_is_default_deny_for_unsafe_context[context1]" time="0.002" /><testcase classname="tests.test_policy" name="test_call_quote_is_default_deny_for_unsafe_context[context2]" time="0.003" /><testcase classname="tests.test_policy" name="test_call_quote_is_default_deny_for_unsafe_context[context3]" time="0.002" /><testcase classname="tests.test_policy" name="test_call_quote_is_default_deny_for_unsafe_context[context4]" time="0.002" /><testcase classname="tests.test_policy" name="test_shadow_mode_records_deny_without_blocking" time="0.003" /><testcase classname="tests.test_policy" name="test_enforce_unavailable_blocks_quote_and_handoffs_without_price" time="0.032" /><testcase classname="tests.test_postgres_integration" name="test_api_persists_sanitized_message_in_postgres" time="0.106" /><testcase classname="tests.test_providers" name="test_openai_adapter_uses_structured_response" time="0.000" /><testcase classname="tests.test_providers" name="test_anthropic_adapter_uses_forced_tool" time="0.002" /><testcase classname="tests.test_providers" name="test_agents_sdk_adapter_is_structured_and_has_no_side_effect_tools" time="1.061" /><testcase classname="tests.test_quote_client" name="test_retries_transient_failure_then_succeeds" time="0.002" /><testcase classname="tests.test_quote_client" name="test_exhaustion_never_returns_price" time="0.001" /><testcase classname="tests.test_quote_client" name="test_business_rejection_is_not_retried" time="0.001" /><testcase classname="tests.test_quote_client" name="test_timeouts_are_retried_and_exhausted" time="0.000" /><testcase classname="tests.test_quote_contract" name="test_complete_plan_and_high_risk_multiplier" time="0.001" /><testcase classname="tests.test_quote_contract" name="test_age_above_limit_is_rejected" time="0.000" /><testcase classname="tests.test_quote_contract" name="test_vehicle_over_twenty_years_is_rejected" time="0.000" /><testcase classname="tests.test_quote_contract" name="test_first_payment_pro_rata" time="0.000" /><testcase classname="tests.test_service" name="test_happy_path_persists_sanitized_trace" time="0.037" /><testcase classname="tests.test_service" name="test_media_goes_to_handoff" time="0.016" /><testcase classname="tests.test_service" name="test_two_ambiguous_messages_go_to_handoff" time="0.110" /><testcase classname="tests.test_service" name="test_session_message_limit_forces_handoff" time="0.017" /><testcase classname="tests.test_telemetry" name="test_trace_links_message_flow_without_pii_or_tokens" time="0.033" /><testcase classname="tests.test_telemetry" name="test_trace_reaches_quote_attempt_and_completion" time="0.086" /><testcase classname="tests.test_telemetry" name="test_observability_unavailable_never_interrupts_application" time="0.032" /><testcase classname="tests.test_telemetry" name="test_deterministic_fallback_is_traced_without_error_details" time="0.035" /><testcase classname="tests.test_telemetry" name="test_real_otlp_export_masks_pii_and_forbidden_attributes" time="0.628" /><testcase classname="tests.test_telemetry" name="test_real_otlp_exporter_unreachable_does_not_raise" time="0.987" /></testsuite></testsuites>